<?xml version="1.0" encoding="UTF-8"?>
<testsuite xmlns:xsi="http://www.w3.org/2001/XMLSchema-instance" xsi:noNamespaceSchemaLocation="https://maven.apache.org/surefire/maven-surefire-plugin/xsd/surefire-test-report.xsd" name="PlanesTest" time="1.928" tests="6" errors="0" skipped="0" failures="1">
  <properties>
[...]
</properties>
  <testcase name="AgregarTareaSinFechaV" classname="PlanesTest" time="1.8">
    <failure message="Se lanzo una exepción ante una fecha invalida" type="org.opentest4j.AssertionFailedError">org.opentest4j.AssertionFailedError: Se lanzo una exepción ante una fecha invalida
	at PlanesTest.AgregarTareaSinFechaV(PlanesTest.java:62)
</failure>
  </testcase>
  <testcase name="AgregarTarea" classname="PlanesTest" time="0.047"/>
  <testcase name="FiltrarPorEstado" classname="PlanesTest" time="0.009"/>
  <testcase name="AgregarTareaSinDia" classname="PlanesTest" time="0.007"/>
  <testcase name="FiltrarPorEtiqueta" classname="PlanesTest" time="0.002"/>
  <testcase name="FiltrarPorFecha" classname="PlanesTest" time="0.002"/>
</testsuite>